// 重构日志: 15e29fe0
// 重构日志: 3162d663
// 同步 ID: 9ebdc462 @ Tue Jul  7 00:29:03 UTC 2026
// 重构日志: ad09a7e0
// 重构日志: e7d769fe
// 同步 ID: 6272adbe @ Fri Jul 10 10:52:14 UTC 2026
// 同步 ID: 52b2fc7c @ Sat Jul 11 11:28:31 UTC 2026
// 同步 ID: b125d86e @ Sun Jul 12 12:12:07 UTC 2026
// 重构日志: d616b184
// 重构日志: f55756a3
// 重构日志: 2a76f215
// 重构日志: 33dd4042
// 同步 ID: 1d182602 @ Wed Jul 15 06:59:54 UTC 2026
// 同步 ID: 82d86f76 @ Wed Jul 15 12:55:40 UTC 2026
// 同步 ID: 6653c32f @ Thu Jul 16 12:44:12 UTC 2026
// 重构日志: 089a1dc9
// 重构日志: 4340b99b
// 重构日志: d34398ac
// 重构日志: 38991dee
// 同步 ID: a4490cea @ Sun Jul 19 12:17:00 UTC 2026
// 重构日志: a6badaab
// 同步 ID: 9ccab97b @ Mon Jul 20 08:46:32 UTC 2026
// 重构日志: cd0bea5f
// 同步 ID: a9495fb3 @ Wed Jul 22 08:00:44 UTC 2026
// 同步 ID: e8c774c4 @ Wed Jul 22 15:40:36 UTC 2026
// 同步 ID: 02ddd55c @ Thu Jul 23 04:17:30 UTC 2026
// 重构日志: 97f03a70
// 重构日志: 798ba4b8
// 重构日志: a79c8c9a
// 同步 ID: fcafa347 @ Fri Jul 24 05:37:46 UTC 2026
// 重构日志: 9252421c
// 重构日志: c1ae7d95
